# JRE version: OpenJDK Runtime Environment (19.0.1+10) (build 19.0.1+10-21)
# Java VM: OpenJDK 64-Bit Server VM (19.0.1+10-21, mixed mode, sharing, tiered, compressed oops, compressed class ptrs, g1 gc, bsd-aarch64)
Heap:
 garbage-first heap   total 442368K, used 278989K [0x0000000780000000, 0x0000000800000000)
  region size 1024K, 21 young (21504K), 2 survivors (2048K)
 Metaspace       used 42593K, committed 42944K, reserved 1114112K
  class space    used 5293K, committed 5440K, reserved 1048576K
GC Heap History (20 events):
Event: 1.509 GC heap before
{Heap before GC invocations=1 (full 0):
 garbage-first heap   total 133120K, used 42687K [0x0000000780000000, 0x0000000800000000)
  region size 1024K, 39 young (39936K), 3 survivors (3072K)
 Metaspace       used 20204K, committed 20480K, reserved 1114112K
  class space    used 2294K, committed 2432K, reserved 1048576K
}
Event: 1.512 GC heap after
{Heap after GC invocations=2 (full 0):
 garbage-first heap   total 133120K, used 10512K [0x0000000780000000, 0x0000000800000000)
  region size 1024K, 4 young (4096K), 4 survivors (4096K)
 Metaspace       used 20204K, committed 20480K, reserved 1114112K
  class space    used 2294K, committed 2432K, reserved 1048576K
}
Event: 1.530 GC heap before
{Heap before GC invocations=2 (full 0):
 garbage-first heap   total 133120K, used 11536K [0x0000000780000000, 0x0000000800000000)
  region size 1024K, 6 young (6144K), 4 survivors (4096K)
 Metaspace       used 21213K, committed 21504K, reserved 1114112K
  class space    used 2393K, committed 2560K, reserved 1048576K
}
Event: 1.532 GC heap after
{Heap after GC invocations=3 (full 0):
 garbage-first heap   total 133120K, used 10855K [0x0000000780000000, 0x0000000800000000)
  region size 1024K, 4 young (4096K), 4 survivors (4096K)
 Metaspace       used 21213K, committed 21504K, reserved 1114112K
  class space    used 2393K, committed 2560K, reserved 1048576K
}
Event: 1.846 GC heap before
{Heap before GC invocations=4 (full 0):
 garbage-first heap   total 45056K, used 33383K [0x0000000780000000, 0x0000000800000000)
  region size 1024K, 26 young (26624K), 4 survivors (4096K)
 Metaspace       used 26598K, committed 26944K, reserved 1114112K
  class space    used 3339K, committed 3520K, reserved 1048576K
}
Event: 1.850 GC heap after
{Heap after GC invocations=5 (full 0):
 garbage-first heap   total 45056K, used 13712K [0x0000000780000000, 0x0000000800000000)
  region size 1024K, 4 young (4096K), 4 survivors (4096K)
 Metaspace       used 26598K, committed 26944K, reserved 1114112K
  class space    used 3339K, committed 3520K, reserved 1048576K
}
Event: 1.858 GC heap before
{Heap before GC invocations=5 (full 0):
 garbage-first heap   total 45056K, used 14736K [0x0000000780000000, 0x0000000800000000)
  region size 1024K, 5 young (5120K), 4 survivors (4096K)
 Metaspace       used 26753K, committed 27136K, reserved 1114112K
  class space    used 3378K, committed 3584K, reserved 1048576K
}
Event: 1.861 GC heap after
{Heap after GC invocations=6 (full 0):
 garbage-first heap   total 45056K, used 14319K [0x0000000780000000, 0x0000000800000000)
  region size 1024K, 1 young (1024K), 1 survivors (1024K)
 Metaspace       used 26753K, committed 27136K, reserved 1114112K
  class space    used 3378K, committed 3584K, reserved 1048576K
}
Event: 7.502 GC heap before
{Heap before GC invocations=6 (full 0):
 garbage-first heap   total 45056K, used 30703K [0x0000000780000000, 0x0000000800000000)
  region size 1024K, 16 young (16384K), 1 survivors (1024K)
 Metaspace       used 31619K, committed 32000K, reserved 1114112K
  class space    used 4117K, committed 4288K, reserved 1048576K
}
Event: 7.505 GC heap after
{Heap after GC invocations=7 (full 0):
 garbage-first heap   total 45056K, used 17396K [0x0000000780000000, 0x0000000800000000)
  region size 1024K, 2 young (2048K), 2 survivors (2048K)
 Metaspace       used 31619K, committed 32000K, reserved 1114112K
  class space    used 4117K, committed 4288K, reserved 1048576K
}
Event: 7.756 GC heap before
{Heap before GC invocations=7 (full 0):
 garbage-first heap   total 45056K, used 28660K [0x0000000780000000, 0x0000000800000000)
  region size 1024K, 15 young (15360K), 2 survivors (2048K)
 Metaspace       used 35731K, committed 36096K, reserved 1114112K
  class space    used 4589K, committed 4800K, reserved 1048576K
}
Event: 7.758 GC heap after
{Heap after GC invocations=8 (full 0):
 garbage-first heap   total 45056K, used 18442K [0x0000000780000000, 0x0000000800000000)
  region size 1024K, 2 young (2048K), 2 survivors (2048K)
 Metaspace       used 35731K, committed 36096K, reserved 1114112K
  class space    used 4589K, committed 4800K, reserved 1048576K
}
Event: 8.939 GC heap before
{Heap before GC invocations=9 (full 0):
 garbage-first heap   total 153600K, used 146442K [0x0000000780000000, 0x0000000800000000)
  region size 1024K, 15 young (15360K), 2 survivors (2048K)
 Metaspace       used 40452K, committed 40832K, reserved 1114112K
  class space    used 5139K, committed 5312K, reserved 1048576K
}
Event: 8.941 GC heap after
{Heap after GC invocations=10 (full 0):
 garbage-first heap   total 153600K, used 135038K [0x0000000780000000, 0x0000000800000000)
  region size 1024K, 1 young (1024K), 1 survivors (1024K)
 Metaspace       used 40452K, committed 40832K, reserved 1114112K
  class space    used 5139K, committed 5312K, reserved 1048576K
}
Event: 10.552 GC heap before
{Heap before GC invocations=10 (full 0):
 garbage-first heap   total 270336K, used 265086K [0x0000000780000000, 0x0000000800000000)
  region size 1024K, 7 young (7168K), 1 survivors (1024K)
 Metaspace       used 41258K, committed 41600K, reserved 1114112K
  class space    used 5233K, committed 5376K, reserved 1048576K
}
Event: 10.554 GC heap after
{Heap after GC invocations=11 (full 0):
 garbage-first heap   total 270336K, used 260054K [0x0000000780000000, 0x0000000800000000)
  region size 1024K, 1 young (1024K), 1 survivors (1024K)
 Metaspace       used 41258K, committed 41600K, reserved 1114112K
  class space    used 5233K, committed 5376K, reserved 1048576K
}
Event: 10.617 GC heap before
{Heap before GC invocations=11 (full 0):
 garbage-first heap   total 270336K, used 262102K [0x0000000780000000, 0x0000000800000000)
  region size 1024K, 4 young (4096K), 1 survivors (1024K)
 Metaspace       used 41391K, committed 41728K, reserved 1114112K
  class space    used 5234K, committed 5376K, reserved 1048576K
}
Event: 10.618 GC heap after
{Heap after GC invocations=12 (full 0):
 garbage-first heap   total 270336K, used 261325K [0x0000000780000000, 0x0000000800000000)
  region size 1024K, 2 young (2048K), 2 survivors (2048K)
 Metaspace       used 41391K, committed 41728K, reserved 1114112K
  class space    used 5234K, committed 5376K, reserved 1048576K
}
Event: 13.353 GC heap before
{Heap before GC invocations=13 (full 0):
 garbage-first heap   total 440320K, used 262349K [0x0000000780000000, 0x0000000800000000)
  region size 1024K, 4 young (4096K), 2 survivors (2048K)
 Metaspace       used 41816K, committed 42176K, reserved 1114112K
  class space    used 5255K, committed 5440K, reserved 1048576K
}
Event: 13.354 GC heap after
{Heap after GC invocations=14 (full 0):
 garbage-first heap   total 440320K, used 259533K [0x0000000780000000, 0x0000000800000000)
  region size 1024K, 2 young (2048K), 2 survivors (2048K)
 Metaspace       used 41816K, committed 42176K, reserved 1114112K
  class space    used 5255K, committed 5440K, reserved 1048576K
}

